<?xml version="1.0" encoding="UTF-8"?>
<testsuite xmlns:xsi="http://www.w3.org/2001/XMLSchema-instance" xsi:noNamespaceSchemaLocation="https://maven.apache.org/surefire/maven-surefire-plugin/xsd/surefire-test-report.xsd" name="cucumber.Options.TestRunner" time="6.85" tests="1" errors="0" skipped="0" failures="0">
  <properties>
    <property name="java.specification.version" value="13"/>
    <property name="sun.jnu.encoding" value="UTF-8"/>
    <property name="java.class.path" value="/Users/ravikiransarangu/madhu-prep/RestAssured/target/test-classes:/Users/ravikiransarangu/madhu-prep/RestAssured/target/classes:/Users/ravikiransarangu/.m2/repository/io/rest-assured/rest-assured/5.3.0/rest-assured-5.3.0.jar:/Users/ravikiransarangu/.m2/repository/org/apache/groovy/groovy/4.0.6/groovy-4.0.6.jar:/Users/ravikiransarangu/.m2/repository/org/apache/groovy/groovy-xml/4.0.6/groovy-xml-4.0.6.jar:/Users/ravikiransarangu/.m2/repository/org/apache/httpcomponents/httpclient/4.5.13/httpclient-4.5.13.jar:/Users/ravikiransarangu/.m2/repository/org/apache/httpcomponents/httpcore/4.4.13/httpcore-4.4.13.jar:/Users/ravikiransarangu/.m2/repository/commons-logging/commons-logging/1.2/commons-logging-1.2.jar:/Users/ravikiransarangu/.m2/repository/commons-codec/commons-codec/1.11/commons-codec-1.11.jar:/Users/ravikiransarangu/.m2/repository/org/apache/httpcomponents/httpmime/4.5.13/httpmime-4.5.13.jar:/Users/ravikiransarangu/.m2/repository/org/hamcrest/hamcrest/2.1/hamcrest-2.1.jar:/Users/ravikiransarangu/.m2/repository/org/ccil/cowan/tagsoup/tagsoup/1.2.1/tagsoup-1.2.1.jar:/Users/ravikiransarangu/.m2/repository/io/rest-assured/json-path/5.3.0/json-path-5.3.0.jar:/Users/ravikiransarangu/.m2/repository/org/apache/groovy/groovy-json/4.0.6/groovy-json-4.0.6.jar:/Users/ravikiransarangu/.m2/repository/io/rest-assured/rest-assured-common/5.3.0/rest-assured-common-5.3.0.jar:/Users/ravikiransarangu/.m2/repository/io/rest-assured/xml-path/5.3.0/xml-path-5.3.0.jar:/Users/ravikiransarangu/.m2/repository/org/apache/commons/commons-lang3/3.11/commons-lang3-3.11.jar:/Users/ravikiransarangu/.m2/repository/org/testng/testng/7.0.0/testng-7.0.0.jar:/Users/ravikiransarangu/.m2/repository/com/beust/jcommander/1.72/jcommander-1.72.jar:/Users/ravikiransarangu/.m2/repository/com/fasterxml/jackson/core/jackson-databind/2.13.4.2/jackson-databind-2.13.4.2.jar:/Users/ravikiransarangu/.m2/repository/com/fasterxml/jackson/core/jackson-annotations/2.13.4/jackson-annotations-2.13.4.jar:/Users/ravikiransarangu/.m2/repository/com/fasterxml/jackson/core/jackson-core/2.13.4/jackson-core-2.13.4.jar:/Users/ravikiransarangu/.m2/repository/junit/junit/4.12/junit-4.12.jar:/Users/ravikiransarangu/.m2/repository/org/hamcrest/hamcrest-core/1.3/hamcrest-core-1.3.jar:/Users/ravikiransarangu/.m2/repository/io/cucumber/cucumber-java/7.10.0/cucumber-java-7.10.0.jar:/Users/ravikiransarangu/.m2/repository/io/cucumber/cucumber-core/7.10.0/cucumber-core-7.10.0.jar:/Users/ravikiransarangu/.m2/repository/io/cucumber/cucumber-gherkin/7.10.0/cucumber-gherkin-7.10.0.jar:/Users/ravikiransarangu/.m2/repository/io/cucumber/cucumber-gherkin-messages/7.10.0/cucumber-gherkin-messages-7.10.0.jar:/Users/ravikiransarangu/.m2/repository/io/cucumber/gherkin/25.0.2/gherkin-25.0.2.jar:/Users/ravikiransarangu/.m2/repository/io/cucumber/messages/19.1.4/messages-19.1.4.jar:/Users/ravikiransarangu/.m2/repository/io/cucumber/tag-expressions/4.1.0/tag-expressions-4.1.0.jar:/Users/ravikiransarangu/.m2/repository/io/cucumber/cucumber-expressions/16.1.1/cucumber-expressions-16.1.1.jar:/Users/ravikiransarangu/.m2/repository/io/cucumber/datatable/7.10.0/datatable-7.10.0.jar:/Users/ravikiransarangu/.m2/repository/io/cucumber/cucumber-plugin/7.10.0/cucumber-plugin-7.10.0.jar:/Users/ravikiransarangu/.m2/repository/io/cucumber/docstring/7.10.0/docstring-7.10.0.jar:/Users/ravikiransarangu/.m2/repository/io/cucumber/html-formatter/20.2.0/html-formatter-20.2.0.jar:/Users/ravikiransarangu/.m2/repository/io/cucumber/ci-environment/9.1.0/ci-environment-9.1.0.jar:/Users/ravikiransarangu/.m2/repository/org/apiguardian/apiguardian-api/1.1.2/apiguardian-api-1.1.2.jar:/Users/ravikiransarangu/.m2/repository/io/cucumber/cucumber-junit/7.10.0/cucumber-junit-7.10.0.jar:"/>
    <property name="java.vm.vendor" value="Oracle Corporation"/>
    <property name="sun.arch.data.model" value="64"/>
    <property name="java.vendor.url" value="https://openjdk.java.net/"/>
    <property name="os.name" value="Mac OS X"/>
    <property name="java.vm.specification.version" value="13"/>
    <property name="sun.java.launcher" value="SUN_STANDARD"/>
    <property name="user.country" value="US"/>
    <property name="sun.boot.library.path" value="/usr/local/Cellar/openjdk/13.0.2+8_2/libexec/openjdk.jdk/Contents/Home/lib"/>
    <property name="sun.java.command" value="/Users/ravikiransarangu/madhu-prep/RestAssured/target/surefire/surefirebooter6780057357800008003.jar /Users/ravikiransarangu/madhu-prep/RestAssured/target/surefire 2023-03-25T16-25-01_160-jvmRun1 surefire4726604332474473957tmp surefire_013456908688266645152tmp"/>
    <property name="http.nonProxyHosts" value="local|*.local|169.254/16|*.169.254/16"/>
    <property name="jdk.debug" value="release"/>
    <property name="surefire.test.class.path" value="/Users/ravikiransarangu/madhu-prep/RestAssured/target/test-classes:/Users/ravikiransarangu/madhu-prep/RestAssured/target/classes:/Users/ravikiransarangu/.m2/repository/io/rest-assured/rest-assured/5.3.0/rest-assured-5.3.0.jar:/Users/ravikiransarangu/.m2/repository/org/apache/groovy/groovy/4.0.6/groovy-4.0.6.jar:/Users/ravikiransarangu/.m2/repository/org/apache/groovy/groovy-xml/4.0.6/groovy-xml-4.0.6.jar:/Users/ravikiransarangu/.m2/repository/org/apache/httpcomponents/httpclient/4.5.13/httpclient-4.5.13.jar:/Users/ravikiransarangu/.m2/repository/org/apache/httpcomponents/httpcore/4.4.13/httpcore-4.4.13.jar:/Users/ravikiransarangu/.m2/repository/commons-logging/commons-logging/1.2/commons-logging-1.2.jar:/Users/ravikiransarangu/.m2/repository/commons-codec/commons-codec/1.11/commons-codec-1.11.jar:/Users/ravikiransarangu/.m2/repository/org/apache/httpcomponents/httpmime/4.5.13/httpmime-4.5.13.jar:/Users/ravikiransarangu/.m2/repository/org/hamcrest/hamcrest/2.1/hamcrest-2.1.jar:/Users/ravikiransarangu/.m2/repository/org/ccil/cowan/tagsoup/tagsoup/1.2.1/tagsoup-1.2.1.jar:/Users/ravikiransarangu/.m2/repository/io/rest-assured/json-path/5.3.0/json-path-5.3.0.jar:/Users/ravikiransarangu/.m2/repository/org/apache/groovy/groovy-json/4.0.6/groovy-json-4.0.6.jar:/Users/ravikiransarangu/.m2/repository/io/rest-assured/rest-assured-common/5.3.0/rest-assured-common-5.3.0.jar:/Users/ravikiransarangu/.m2/repository/io/rest-assured/xml-path/5.3.0/xml-path-5.3.0.jar:/Users/ravikiransarangu/.m2/repository/org/apache/commons/commons-lang3/3.11/commons-lang3-3.11.jar:/Users/ravikiransarangu/.m2/repository/org/testng/testng/7.0.0/testng-7.0.0.jar:/Users/ravikiransarangu/.m2/repository/com/beust/jcommander/1.72/jcommander-1.72.jar:/Users/ravikiransarangu/.m2/repository/com/fasterxml/jackson/core/jackson-databind/2.13.4.2/jackson-databind-2.13.4.2.jar:/Users/ravikiransarangu/.m2/repository/com/fasterxml/jackson/core/jackson-annotations/2.13.4/jackson-annotations-2.13.4.jar:/Users/ravikiransarangu/.m2/repository/com/fasterxml/jackson/core/jackson-core/2.13.4/jackson-core-2.13.4.jar:/Users/ravikiransarangu/.m2/repository/junit/junit/4.12/junit-4.12.jar:/Users/ravikiransarangu/.m2/repository/org/hamcrest/hamcrest-core/1.3/hamcrest-core-1.3.jar:/Users/ravikiransarangu/.m2/repository/io/cucumber/cucumber-java/7.10.0/cucumber-java-7.10.0.jar:/Users/ravikiransarangu/.m2/repository/io/cucumber/cucumber-core/7.10.0/cucumber-core-7.10.0.jar:/Users/ravikiransarangu/.m2/repository/io/cucumber/cucumber-gherkin/7.10.0/cucumber-gherkin-7.10.0.jar:/Users/ravikiransarangu/.m2/repository/io/cucumber/cucumber-gherkin-messages/7.10.0/cucumber-gherkin-messages-7.10.0.jar:/Users/ravikiransarangu/.m2/repository/io/cucumber/gherkin/25.0.2/gherkin-25.0.2.jar:/Users/ravikiransarangu/.m2/repository/io/cucumber/messages/19.1.4/messages-19.1.4.jar:/Users/ravikiransarangu/.m2/repository/io/cucumber/tag-expressions/4.1.0/tag-expressions-4.1.0.jar:/Users/ravikiransarangu/.m2/repository/io/cucumber/cucumber-expressions/16.1.1/cucumber-expressions-16.1.1.jar:/Users/ravikiransarangu/.m2/repository/io/cucumber/datatable/7.10.0/datatable-7.10.0.jar:/Users/ravikiransarangu/.m2/repository/io/cucumber/cucumber-plugin/7.10.0/cucumber-plugin-7.10.0.jar:/Users/ravikiransarangu/.m2/repository/io/cucumber/docstring/7.10.0/docstring-7.10.0.jar:/Users/ravikiransarangu/.m2/repository/io/cucumber/html-formatter/20.2.0/html-formatter-20.2.0.jar:/Users/ravikiransarangu/.m2/repository/io/cucumber/ci-environment/9.1.0/ci-environment-9.1.0.jar:/Users/ravikiransarangu/.m2/repository/org/apiguardian/apiguardian-api/1.1.2/apiguardian-api-1.1.2.jar:/Users/ravikiransarangu/.m2/repository/io/cucumber/cucumber-junit/7.10.0/cucumber-junit-7.10.0.jar:"/>
    <property name="sun.cpu.endian" value="little"/>
    <property name="user.home" value="/Users/ravikiransarangu"/>
    <property name="user.language" value="en"/>
    <property name="java.specification.vendor" value="Oracle Corporation"/>
    <property name="java.version.date" value="2020-01-14"/>
    <property name="java.home" value="/usr/local/Cellar/openjdk/13.0.2+8_2/libexec/openjdk.jdk/Contents/Home"/>
    <property name="file.separator" value="/"/>
    <property name="basedir" value="/Users/ravikiransarangu/madhu-prep/RestAssured"/>
    <property name="java.vm.compressedOopsMode" value="Zero based"/>
    <property name="line.separator" value="&#10;"/>
    <property name="java.specification.name" value="Java Platform API Specification"/>
    <property name="java.vm.specification.vendor" value="Oracle Corporation"/>
    <property name="surefire.real.class.path" value="/Users/ravikiransarangu/madhu-prep/RestAssured/target/surefire/surefirebooter6780057357800008003.jar"/>
    <property name="sun.management.compiler" value="HotSpot 64-Bit Tiered Compilers"/>
    <property name="ftp.nonProxyHosts" value="local|*.local|169.254/16|*.169.254/16"/>
    <property name="java.runtime.version" value="13.0.2+8"/>
    <property name="user.name" value="ravikiransarangu"/>
    <property name="path.separator" value=":"/>
    <property name="os.version" value="10.16"/>
    <property name="java.runtime.name" value="OpenJDK Runtime Environment"/>
    <property name="file.encoding" value="UTF-8"/>
    <property name="java.vm.name" value="OpenJDK 64-Bit Server VM"/>
    <property name="localRepository" value="/Users/ravikiransarangu/.m2/repository"/>
    <property name="java.vendor.url.bug" value="https://bugreport.java.com/bugreport/"/>
    <property name="java.io.tmpdir" value="/var/folders/41/0wdtzl3s5494g8mq8l63dtm40000gn/T/"/>
    <property name="java.version" value="13.0.2"/>
    <property name="user.dir" value="/Users/ravikiransarangu/madhu-prep/RestAssured"/>
    <property name="os.arch" value="x86_64"/>
    <property name="java.vm.specification.name" value="Java Virtual Machine Specification"/>
    <property name="java.library.path" value="/Users/ravikiransarangu/Library/Java/Extensions:/Library/Java/Extensions:/Network/Library/Java/Extensions:/System/Library/Java/Extensions:/usr/lib/java:."/>
    <property name="java.vm.info" value="mixed mode, sharing"/>
    <property name="java.vendor" value="N/A"/>
    <property name="java.vm.version" value="13.0.2+8"/>
    <property name="sun.io.unicode.encoding" value="UnicodeBig"/>
    <property name="socksNonProxyHosts" value="local|*.local|169.254/16|*.169.254/16"/>
    <property name="java.class.version" value="57.0"/>
  </properties>
  <testcase name="tmp on tmp(cucumber.Options.TestRunner)" classname="cucumber.Options.TestRunner" time="6.54"/>
</testsuite>