<?xml version="1.0" encoding="UTF-8"?>
<!-- Generated by org.testng.reporters.JUnitReportReporter -->
<testsuite hostname="Ravikirans-MBP.lan" failures="0" tests="1" name="cucumber.Options.TestRunner" time="6.537" errors="0" timestamp="2023-03-25T16:25:08 CDT" skipped="0">
  <testcase classname="cucumber.Options.TestRunner" name="tmp" time="6.537"/>
</testsuite> <!-- cucumber.Options.TestRunner -->
